<?xml version="1.0" encoding="UTF-8"?>
<!-- Generated by org.testng.reporters.JUnitXMLReporter -->
<testsuite hostname="Adityas-MacBook-Pro.local" ignored="0" name="Test" tests="5" failures="0" timestamp="09 Feb 2018 11:17:50 GMT" time="62.368" errors="0">
  <testcase name="verifyRegistration" time="2.384" classname="com.ad.adinate.testscripts.NewTest"/>
  <testcase name="verifyRegistration" time="2.306" classname="com.ad.adinate.testscripts.NewTest"/>
  <testcase name="verifyRegistration" time="2.096" classname="com.ad.adinate.testscripts.NewTest"/>
  <testcase name="verifyRegistration" time="1.951" classname="com.ad.adinate.testscripts.NewTest"/>
  <testcase name="verifyRegistration" time="2.285" classname="com.ad.adinate.testscripts.NewTest"/>
</testsuite> <!-- Test -->
