<?xml version="1.0" encoding="UTF-8"?>
<!-- Generated by org.testng.reporters.JUnitXMLReporter -->
<testsuite hostname="Adityas-MacBook-Pro.local" ignored="0" name="Test" tests="5" failures="5" timestamp="09 Feb 2018 10:04:47 GMT" time="55.336" errors="0">
  <testcase name="verifyRegistration" time="1.4" classname="com.ad.adinate.testscripts.NewTest">
    <failure type="java.lang.AssertionError" message="expected [Expected] but found [Register]">
      <![CDATA[java.lang.AssertionError: expected [Expected] but found [Register]at com.ad.adinate.testscripts.NewTest.verifyRegistration(NewTest.java:56)... Removed 31 stack frames]]>
    </failure>
  </testcase> <!-- verifyRegistration -->
  <testcase name="verifyRegistration" time="1.341" classname="com.ad.adinate.testscripts.NewTest">
    <failure type="java.lang.AssertionError" message="expected [Expected] but found [Register]">
      <![CDATA[java.lang.AssertionError: expected [Expected] but found [Register]at com.ad.adinate.testscripts.NewTest.verifyRegistration(NewTest.java:56)... Removed 31 stack frames]]>
    </failure>
  </testcase> <!-- verifyRegistration -->
  <testcase name="verifyRegistration" time="1.389" classname="com.ad.adinate.testscripts.NewTest">
    <failure type="java.lang.AssertionError" message="expected [Expected] but found [Register]">
      <![CDATA[java.lang.AssertionError: expected [Expected] but found [Register]at com.ad.adinate.testscripts.NewTest.verifyRegistration(NewTest.java:56)... Removed 31 stack frames]]>
    </failure>
  </testcase> <!-- verifyRegistration -->
  <testcase name="verifyRegistration" time="1.375" classname="com.ad.adinate.testscripts.NewTest">
    <failure type="java.lang.AssertionError" message="expected [Expected] but found [Register]">
      <![CDATA[java.lang.AssertionError: expected [Expected] but found [Register]at com.ad.adinate.testscripts.NewTest.verifyRegistration(NewTest.java:56)... Removed 31 stack frames]]>
    </failure>
  </testcase> <!-- verifyRegistration -->
  <testcase name="verifyRegistration" time="1.429" classname="com.ad.adinate.testscripts.NewTest">
    <failure type="java.lang.AssertionError" message="expected [Expected] but found [Register]">
      <![CDATA[java.lang.AssertionError: expected [Expected] but found [Register]at com.ad.adinate.testscripts.NewTest.verifyRegistration(NewTest.java:56)... Removed 31 stack frames]]>
    </failure>
  </testcase> <!-- verifyRegistration -->
</testsuite> <!-- Test -->
