<?xml version="1.0" encoding="UTF-8"?>
<!-- Generated by org.testng.reporters.JUnitXMLReporter -->
<testsuite hostname="Adityas-MacBook-Pro.local" ignored="0" name="Test(failed)" tests="5" failures="5" timestamp="09 Feb 2018 09:02:34 GMT" time="51.841" errors="0">
  <testcase name="verifyRegistration" time="1.381" classname="com.ad.adinate.testscripts.NewTest">
    <failure type="java.lang.AssertionError" message="expected [Expected] but found [Register]">
      <![CDATA[java.lang.AssertionError: expected [Expected] but found [Register]at com.ad.adinate.testscripts.NewTest.verifyRegistration(NewTest.java:48)... Removed 31 stack frames]]>
    </failure>
  </testcase> <!-- verifyRegistration -->
  <testcase name="verifyRegistration" time="1.318" classname="com.ad.adinate.testscripts.NewTest">
    <failure type="java.lang.AssertionError" message="expected [Expected] but found [Register]">
      <![CDATA[java.lang.AssertionError: expected [Expected] but found [Register]at com.ad.adinate.testscripts.NewTest.verifyRegistration(NewTest.java:48)... Removed 31 stack frames]]>
    </failure>
  </testcase> <!-- verifyRegistration -->
  <testcase name="verifyRegistration" time="1.344" classname="com.ad.adinate.testscripts.NewTest">
    <failure type="java.lang.AssertionError" message="expected [Expected] but found [Register]">
      <![CDATA[java.lang.AssertionError: expected [Expected] but found [Register]at com.ad.adinate.testscripts.NewTest.verifyRegistration(NewTest.java:48)... Removed 31 stack frames]]>
    </failure>
  </testcase> <!-- verifyRegistration -->
  <testcase name="verifyRegistration" time="1.304" classname="com.ad.adinate.testscripts.NewTest">
    <failure type="java.lang.AssertionError" message="expected [Expected] but found [Register]">
      <![CDATA[java.lang.AssertionError: expected [Expected] but found [Register]at com.ad.adinate.testscripts.NewTest.verifyRegistration(NewTest.java:48)... Removed 31 stack frames]]>
    </failure>
  </testcase> <!-- verifyRegistration -->
  <testcase name="verifyRegistration" time="1.373" classname="com.ad.adinate.testscripts.NewTest">
    <failure type="java.lang.AssertionError" message="expected [Expected] but found [Register]">
      <![CDATA[java.lang.AssertionError: expected [Expected] but found [Register]at com.ad.adinate.testscripts.NewTest.verifyRegistration(NewTest.java:48)... Removed 31 stack frames]]>
    </failure>
  </testcase> <!-- verifyRegistration -->
</testsuite> <!-- Test(failed) -->
