<?xml version="1.0" encoding="UTF-8"?>
<testng-results skipped="0" failed="0" ignored="0" total="5" passed="5">
  <reporter-output>
  </reporter-output>
  <suite name="Suite" duration-ms="62368" started-at="2018-02-09T11:16:48Z" finished-at="2018-02-09T11:17:50Z">
    <groups>
    </groups>
    <test name="Test" duration-ms="62368" started-at="2018-02-09T11:16:48Z" finished-at="2018-02-09T11:17:50Z">
      <class name="com.ad.adinate.testscripts.NewTest">
        <test-method status="PASS" signature="beforeMethod(java.lang.String, java.lang.String)[pri:0, instance:com.ad.adinate.testscripts.NewTest@4eb7f003]" name="beforeMethod" is-config="true" duration-ms="10594" started-at="2018-02-09T16:46:49Z" finished-at="2018-02-09T16:46:59Z">
          <params>
            <param index="0">
              <value>
                <![CDATA[Firefox]]>
              </value>
            </param>
            <param index="1">
              <value>
                <![CDATA[Local]]>
              </value>
            </param>
          </params>
          <reporter-output>
          </reporter-output>
        </test-method> <!-- beforeMethod -->
        <test-method status="PASS" signature="verifyRegistration(java.lang.String, java.lang.String, java.lang.String, java.lang.String, java.lang.String, java.lang.String)[pri:0, instance:com.ad.adinate.testscripts.NewTest@4eb7f003]" name="verifyRegistration" duration-ms="2384" started-at="2018-02-09T16:46:59Z" data-provider="testdata" finished-at="2018-02-09T16:47:02Z">
          <params>
            <param index="0">
              <value>
                <![CDATA[FirstName1]]>
              </value>
            </param>
            <param index="1">
              <value>
                <![CDATA[LastName1]]>
              </value>
            </param>
            <param index="2">
              <value>
                <![CDATA[9876543210]]>
              </value>
            </param>
            <param index="3">
              <value>
                <![CDATA[Testdata1@ad.com]]>
              </value>
            </param>
            <param index="4">
              <value>
                <![CDATA[pwd]]>
              </value>
            </param>
            <param index="5">
              <value>
                <![CDATA[pwd]]>
              </value>
            </param>
          </params>
          <reporter-output>
          </reporter-output>
        </test-method> <!-- verifyRegistration -->
        <test-method status="PASS" signature="afterMethod()[pri:0, instance:com.ad.adinate.testscripts.NewTest@4eb7f003]" name="afterMethod" is-config="true" duration-ms="977" started-at="2018-02-09T16:47:02Z" finished-at="2018-02-09T16:47:03Z">
          <reporter-output>
          </reporter-output>
        </test-method> <!-- afterMethod -->
        <test-method status="PASS" signature="beforeMethod(java.lang.String, java.lang.String)[pri:0, instance:com.ad.adinate.testscripts.NewTest@4eb7f003]" name="beforeMethod" is-config="true" duration-ms="8305" started-at="2018-02-09T16:47:03Z" finished-at="2018-02-09T16:47:11Z">
          <params>
            <param index="0">
              <value>
                <![CDATA[Firefox]]>
              </value>
            </param>
            <param index="1">
              <value>
                <![CDATA[Local]]>
              </value>
            </param>
          </params>
          <reporter-output>
          </reporter-output>
        </test-method> <!-- beforeMethod -->
        <test-method status="PASS" signature="verifyRegistration(java.lang.String, java.lang.String, java.lang.String, java.lang.String, java.lang.String, java.lang.String)[pri:0, instance:com.ad.adinate.testscripts.NewTest@4eb7f003]" name="verifyRegistration" duration-ms="2306" started-at="2018-02-09T16:47:11Z" data-provider="testdata" finished-at="2018-02-09T16:47:13Z">
          <params>
            <param index="0">
              <value>
                <![CDATA[FirstName2]]>
              </value>
            </param>
            <param index="1">
              <value>
                <![CDATA[LastName2]]>
              </value>
            </param>
            <param index="2">
              <value>
                <![CDATA[9876543210]]>
              </value>
            </param>
            <param index="3">
              <value>
                <![CDATA[Testdata2@ad.com]]>
              </value>
            </param>
            <param index="4">
              <value>
                <![CDATA[pwd]]>
              </value>
            </param>
            <param index="5">
              <value>
                <![CDATA[pwd]]>
              </value>
            </param>
          </params>
          <reporter-output>
          </reporter-output>
        </test-method> <!-- verifyRegistration -->
        <test-method status="PASS" signature="afterMethod()[pri:0, instance:com.ad.adinate.testscripts.NewTest@4eb7f003]" name="afterMethod" is-config="true" duration-ms="811" started-at="2018-02-09T16:47:13Z" finished-at="2018-02-09T16:47:14Z">
          <reporter-output>
          </reporter-output>
        </test-method> <!-- afterMethod -->
        <test-method status="PASS" signature="beforeMethod(java.lang.String, java.lang.String)[pri:0, instance:com.ad.adinate.testscripts.NewTest@4eb7f003]" name="beforeMethod" is-config="true" duration-ms="11414" started-at="2018-02-09T16:47:14Z" finished-at="2018-02-09T16:47:26Z">
          <params>
            <param index="0">
              <value>
                <![CDATA[Firefox]]>
              </value>
            </param>
            <param index="1">
              <value>
                <![CDATA[Local]]>
              </value>
            </param>
          </params>
          <reporter-output>
          </reporter-output>
        </test-method> <!-- beforeMethod -->
        <test-method status="PASS" signature="verifyRegistration(java.lang.String, java.lang.String, java.lang.String, java.lang.String, java.lang.String, java.lang.String)[pri:0, instance:com.ad.adinate.testscripts.NewTest@4eb7f003]" name="verifyRegistration" duration-ms="2096" started-at="2018-02-09T16:47:26Z" data-provider="testdata" finished-at="2018-02-09T16:47:28Z">
          <params>
            <param index="0">
              <value>
                <![CDATA[FirstName3]]>
              </value>
            </param>
            <param index="1">
              <value>
                <![CDATA[LastName3]]>
              </value>
            </param>
            <param index="2">
              <value>
                <![CDATA[9876543210]]>
              </value>
            </param>
            <param index="3">
              <value>
                <![CDATA[Testdata3@ad.com]]>
              </value>
            </param>
            <param index="4">
              <value>
                <![CDATA[pwd]]>
              </value>
            </param>
            <param index="5">
              <value>
                <![CDATA[pwd]]>
              </value>
            </param>
          </params>
          <reporter-output>
          </reporter-output>
        </test-method> <!-- verifyRegistration -->
        <test-method status="PASS" signature="afterMethod()[pri:0, instance:com.ad.adinate.testscripts.NewTest@4eb7f003]" name="afterMethod" is-config="true" duration-ms="810" started-at="2018-02-09T16:47:28Z" finished-at="2018-02-09T16:47:29Z">
          <reporter-output>
          </reporter-output>
        </test-method> <!-- afterMethod -->
        <test-method status="PASS" signature="beforeMethod(java.lang.String, java.lang.String)[pri:0, instance:com.ad.adinate.testscripts.NewTest@4eb7f003]" name="beforeMethod" is-config="true" duration-ms="7949" started-at="2018-02-09T16:47:29Z" finished-at="2018-02-09T16:47:36Z">
          <params>
            <param index="0">
              <value>
                <![CDATA[Firefox]]>
              </value>
            </param>
            <param index="1">
              <value>
                <![CDATA[Local]]>
              </value>
            </param>
          </params>
          <reporter-output>
          </reporter-output>
        </test-method> <!-- beforeMethod -->
        <test-method status="PASS" signature="verifyRegistration(java.lang.String, java.lang.String, java.lang.String, java.lang.String, java.lang.String, java.lang.String)[pri:0, instance:com.ad.adinate.testscripts.NewTest@4eb7f003]" name="verifyRegistration" duration-ms="1951" started-at="2018-02-09T16:47:36Z" data-provider="testdata" finished-at="2018-02-09T16:47:38Z">
          <params>
            <param index="0">
              <value>
                <![CDATA[FirstName4]]>
              </value>
            </param>
            <param index="1">
              <value>
                <![CDATA[LastName4]]>
              </value>
            </param>
            <param index="2">
              <value>
                <![CDATA[9876543210]]>
              </value>
            </param>
            <param index="3">
              <value>
                <![CDATA[Testdata4@ad.com]]>
              </value>
            </param>
            <param index="4">
              <value>
                <![CDATA[pwd]]>
              </value>
            </param>
            <param index="5">
              <value>
                <![CDATA[pwd]]>
              </value>
            </param>
          </params>
          <reporter-output>
          </reporter-output>
        </test-method> <!-- verifyRegistration -->
        <test-method status="PASS" signature="afterMethod()[pri:0, instance:com.ad.adinate.testscripts.NewTest@4eb7f003]" name="afterMethod" is-config="true" duration-ms="796" started-at="2018-02-09T16:47:38Z" finished-at="2018-02-09T16:47:39Z">
          <reporter-output>
          </reporter-output>
        </test-method> <!-- afterMethod -->
        <test-method status="PASS" signature="beforeMethod(java.lang.String, java.lang.String)[pri:0, instance:com.ad.adinate.testscripts.NewTest@4eb7f003]" name="beforeMethod" is-config="true" duration-ms="8015" started-at="2018-02-09T16:47:39Z" finished-at="2018-02-09T16:47:47Z">
          <params>
            <param index="0">
              <value>
                <![CDATA[Firefox]]>
              </value>
            </param>
            <param index="1">
              <value>
                <![CDATA[Local]]>
              </value>
            </param>
          </params>
          <reporter-output>
          </reporter-output>
        </test-method> <!-- beforeMethod -->
        <test-method status="PASS" signature="verifyRegistration(java.lang.String, java.lang.String, java.lang.String, java.lang.String, java.lang.String, java.lang.String)[pri:0, instance:com.ad.adinate.testscripts.NewTest@4eb7f003]" name="verifyRegistration" duration-ms="2285" started-at="2018-02-09T16:47:47Z" data-provider="testdata" finished-at="2018-02-09T16:47:50Z">
          <params>
            <param index="0">
              <value>
                <![CDATA[FirstName5]]>
              </value>
            </param>
            <param index="1">
              <value>
                <![CDATA[LastName5]]>
              </value>
            </param>
            <param index="2">
              <value>
                <![CDATA[9876543210]]>
              </value>
            </param>
            <param index="3">
              <value>
                <![CDATA[Testdata5@ad.com]]>
              </value>
            </param>
            <param index="4">
              <value>
                <![CDATA[pwd]]>
              </value>
            </param>
            <param index="5">
              <value>
                <![CDATA[pwd]]>
              </value>
            </param>
          </params>
          <reporter-output>
          </reporter-output>
        </test-method> <!-- verifyRegistration -->
        <test-method status="PASS" signature="afterMethod()[pri:0, instance:com.ad.adinate.testscripts.NewTest@4eb7f003]" name="afterMethod" is-config="true" duration-ms="796" started-at="2018-02-09T16:47:50Z" finished-at="2018-02-09T16:47:50Z">
          <reporter-output>
          </reporter-output>
        </test-method> <!-- afterMethod -->
      </class> <!-- com.ad.adinate.testscripts.NewTest -->
    </test> <!-- Test -->
  </suite> <!-- Suite -->
</testng-results>
